2025-03-28 18:00:42,576 INFO  [org.jboss.modules] (main) JBoss Modules version 2.1.6.Final
2025-03-28 18:00:43,089 INFO  [org.jboss.msc] (main) JBoss MSC version 1.5.5.Final
2025-03-28 18:00:43,095 INFO  [org.jboss.threads] (main) JBoss Threads version 2.4.0.Final
2025-03-28 18:00:43,172 INFO  [org.jboss.as] (MSC service thread 1-2) WFLYSRV0049: WildFly 35.0.1.Final (WildFly Core 27.0.1.Final) starting
2025-03-28 18:00:43,173 DEBUG [org.jboss.as.config] (MSC service thread 1-2) Configured system properties:
	file.encoding = UTF-8
	file.separator = \
	java.awt.headless = true
	java.class.path = C:\Users\Kyuhi\Downloads\School\wildfly-35.0.1.Final\jboss-modules.jar
	java.class.version = 67.0
	java.home = C:\Users\Kyuhi\.jdks\corretto-23.0.2
	java.io.tmpdir = C:\Users\Kyuhi\AppData\Local\Temp\
	java.library.path = C:\Users\Kyuhi\.jdks\corretto-23.0.2\bin;C:\WINDOWS\Sun\Java\bin;C:\WINDOWS\system32;C:\WINDOWS;C:\Program Files\Common Files\Oracle\Java\javapath;C:\Program Files (x86)\Razer Chroma SDK\bin;C:\Program Files\Razer Chroma SDK\bin;C:\Program Files (x86)\Razer\ChromaBroadcast\bin;C:\Program Files\Razer\ChromaBroadcast\bin;C:\Windows\system32;C:\Windows;C:\Windows\System32\Wbem;C:\Windows\System32\WindowsPowerShell\v1.0\;C:\Windows\System32\OpenSSH\;C:\Program Files (x86)\NVIDIA Corporation\PhysX\Common;C:\Program Files\dotnet\;C:\Windows\system32\config\systemprofile\AppData\Local\Microsoft\WindowsApps;C:\Program Files\Microsoft SQL Server\130\Tools\Binn\;C:\Program Files\Microsoft SQL Server\Client SDK\ODBC\170\Tools\Binn\;C:\Program Files\Microsoft SQL Server\150\Tools\Binn\;C:\WINDOWS\system32;C:\WINDOWS;C:\WINDOWS\System32\Wbem;C:\WINDOWS\System32\WindowsPowerShell\v1.0\;C:\WINDOWS\System32\OpenSSH\;C:\Program Files\nodejs\;C:\Program Files\NVIDIA Corporation\NVIDIA app\NvDLISR;D:\Web-MobileDev\Git\cmd;C:\Users\Kyuhi\AppData\Local\Programs\Python\Python310\Scripts\;C:\Users\Kyuhi\AppData\Local\Programs\Python\Python310\;C:\Users\Kyuhi\AppData\Local\Microsoft\WindowsApps;C:\Users\Kyuhi\AppData\Local\Programs\Microsoft VS Code\bin;C:\Users\Kyuhi\.dotnet\tools;D:\Web-MobileDev\SDKs\flutter\bin;C:\Users\Kyuhi\AppData\Local\Programs\Microsoft VS Code Insiders\bin;C:\Users\Kyuhi\AppData\Roaming\npm;;.
	java.net.preferIPv4Stack = true
	java.runtime.name = OpenJDK Runtime Environment
	java.runtime.version = 23.0.2+7-FR
	java.security.manager = allow
	java.specification.name = Java Platform API Specification
	java.specification.vendor = Oracle Corporation
	java.specification.version = 23
	java.util.logging.manager = org.jboss.logmanager.LogManager
	java.vendor = Amazon.com Inc.
	java.vendor.url = https://aws.amazon.com/corretto/
	java.vendor.url.bug = https://github.com/corretto/corretto-23/issues/
	java.vendor.version = Corretto-23.0.2.7.1
	java.version = 23.0.2
	java.version.date = 2025-01-21
	java.vm.compressedOopsMode = 32-bit
	java.vm.info = mixed mode, sharing
	java.vm.name = OpenJDK 64-Bit Server VM
	java.vm.specification.name = Java Virtual Machine Specification
	java.vm.specification.vendor = Oracle Corporation
	java.vm.specification.version = 23
	java.vm.vendor = Amazon.com Inc.
	java.vm.version = 23.0.2+7-FR
	javax.management.builder.initial = org.jboss.as.jmx.PluggableMBeanServerBuilder
	jboss.home.dir = C:\Users\Kyuhi\Downloads\School\wildfly-35.0.1.Final
	jboss.host.name = kyuhi
	jboss.modules.system.pkgs = org.jboss.byteman
	jboss.node.name = kyuhi
	jboss.qualified.host.name = kyuhi
	jboss.server.base.dir = C:\Users\Kyuhi\Downloads\School\wildfly-35.0.1.Final\standalone
	jboss.server.config.dir = C:\Users\Kyuhi\Downloads\School\wildfly-35.0.1.Final\standalone\configuration
	jboss.server.data.dir = C:\Users\Kyuhi\Downloads\School\wildfly-35.0.1.Final\standalone\data
	jboss.server.log.dir = C:\Users\Kyuhi\Downloads\School\wildfly-35.0.1.Final\standalone\log
	jboss.server.name = kyuhi
	jboss.server.persist.config = true
	jboss.server.temp.dir = C:\Users\Kyuhi\Downloads\School\wildfly-35.0.1.Final\standalone\tmp
	jdk.debug = release
	jdk.serialFilter = maxbytes=10485760;maxdepth=128;maxarray=100000;maxrefs=300000
	line.separator = 

	logging.configuration = file:C:\Users\Kyuhi\Downloads\School\wildfly-35.0.1.Final\standalone\configuration/logging.properties
	module.path = C:\Users\Kyuhi\Downloads\School\wildfly-35.0.1.Final\modules
	native.encoding = Cp1252
	org.jboss.boot.log.file = C:\Users\Kyuhi\Downloads\School\wildfly-35.0.1.Final\standalone\log\server.log
	org.jboss.resolver.warning = true
	os.arch = amd64
	os.name = Windows 11
	os.version = 10.0
	path.separator = ;
	program.name = standalone.bat
	stderr.encoding = Cp1252
	stdout.encoding = Cp1252
	sun.arch.data.model = 64
	sun.boot.library.path = C:\Users\Kyuhi\.jdks\corretto-23.0.2\bin
	sun.cpu.endian = little
	sun.cpu.isalist = amd64
	sun.io.unicode.encoding = UnicodeLittle
	sun.java.command = C:\Users\Kyuhi\Downloads\School\wildfly-35.0.1.Final\jboss-modules.jar -mp C:\Users\Kyuhi\Downloads\School\wildfly-35.0.1.Final\modules org.jboss.as.standalone -Djboss.home.dir=C:\Users\Kyuhi\Downloads\School\wildfly-35.0.1.Final
	sun.java.launcher = SUN_STANDARD
	sun.jnu.encoding = Cp1252
	sun.management.compiler = HotSpot 64-Bit Tiered Compilers
	sun.os.patch.level = 
	user.country = GB
	user.country.format = SI
	user.dir = C:\Users\Kyuhi\Downloads\School\wildfly-35.0.1.Final\bin
	user.home = C:\Users\Kyuhi
	user.language = en
	user.name = Kyuhi
	user.script = 
	user.timezone = Europe/Ljubljana
	user.variant = 
2025-03-28 18:00:43,174 DEBUG [org.jboss.as.config] (MSC service thread 1-2) VM Arguments: -Dprogram.name=standalone.bat -Xms64M -Xmx512M -Djava.net.preferIPv4Stack=true -Djboss.modules.system.pkgs=org.jboss.byteman -Djava.awt.headless=true -Djdk.serialFilter=maxbytes=10485760;maxdepth=128;maxarray=100000;maxrefs=300000 --add-exports=java.desktop/sun.awt=ALL-UNNAMED --add-exports=java.naming/com.sun.jndi.ldap=ALL-UNNAMED --add-exports=java.naming/com.sun.jndi.url.ldap=ALL-UNNAMED --add-exports=java.naming/com.sun.jndi.url.ldaps=ALL-UNNAMED --add-exports=jdk.naming.dns/com.sun.jndi.dns=ALL-UNNAMED --add-opens=java.base/java.lang=ALL-UNNAMED --add-opens=java.base/java.lang.invoke=ALL-UNNAMED --add-opens=java.base/java.lang.reflect=ALL-UNNAMED --add-opens=java.base/java.io=ALL-UNNAMED --add-opens=java.base/java.net=ALL-UNNAMED --add-opens=java.base/java.security=ALL-UNNAMED --add-opens=java.base/java.util=ALL-UNNAMED --add-opens=java.base/java.util.concurrent=ALL-UNNAMED --add-opens=java.management/javax.management=ALL-UNNAMED --add-opens=java.naming/javax.naming=ALL-UNNAMED -Djava.security.manager=allow -Dorg.jboss.boot.log.file=C:\Users\Kyuhi\Downloads\School\wildfly-35.0.1.Final\standalone\log\server.log -Dlogging.configuration=file:C:\Users\Kyuhi\Downloads\School\wildfly-35.0.1.Final\standalone\configuration/logging.properties 
2025-03-28 18:00:43,997 INFO  [org.wildfly.security] (Controller Boot Thread) ELY00001: WildFly Elytron version 2.6.0.Final
2025-03-28 18:00:44,684 INFO  [org.jboss.as.server] (Controller Boot Thread) WFLYSRV0039: Creating http management service using socket-binding (management-http)
2025-03-28 18:00:44,702 INFO  [org.xnio] (MSC service thread 1-5) XNIO version 3.8.16.Final
2025-03-28 18:00:44,706 INFO  [org.xnio.nio] (MSC service thread 1-5) XNIO NIO Implementation Version 3.8.16.Final
2025-03-28 18:00:44,738 INFO  [org.wildfly.extension.elytron.oidc._private] (ServerService Thread Pool -- 53) WFLYOIDC0001: Activating WildFly Elytron OIDC Subsystem
2025-03-28 18:00:44,739 INFO  [org.jboss.as.clustering.infinispan] (ServerService Thread Pool -- 55) WFLYCLINF0001: Activating Infinispan subsystem.
2025-03-28 18:00:44,742 INFO  [org.wildfly.extension.health] (ServerService Thread Pool -- 54) WFLYHEALTH0001: Activating Base Health Subsystem
2025-03-28 18:00:44,744 WARN  [org.jboss.as.txn] (ServerService Thread Pool -- 74) WFLYTX0013: The node-identifier attribute on the /subsystem=transactions is set to the default value. This is a danger for environments running multiple servers. Please make sure the attribute value is unique.
2025-03-28 18:00:44,746 INFO  [org.wildfly.extension.microprofile.jwt.smallrye] (ServerService Thread Pool -- 66) WFLYJWT0001: Activating MicroProfile JWT Subsystem
2025-03-28 18:00:44,748 INFO  [org.wildfly.extension.microprofile.config.smallrye] (ServerService Thread Pool -- 65) WFLYCONF0001: Activating MicroProfile Config Subsystem
2025-03-28 18:00:44,754 INFO  [org.jboss.as.jsf] (ServerService Thread Pool -- 62) WFLYJSF0007: Activated the following Jakarta Server Faces Implementations: [main]
2025-03-28 18:00:44,774 INFO  [org.wildfly.extension.metrics] (ServerService Thread Pool -- 64) WFLYMETRICS0001: Activating Base Metrics Subsystem
2025-03-28 18:00:44,776 INFO  [org.jboss.as.jaxrs] (ServerService Thread Pool -- 57) WFLYRS0016: RESTEasy version 6.2.11.Final
2025-03-28 18:00:44,795 INFO  [org.jboss.as.naming] (ServerService Thread Pool -- 67) WFLYNAM0001: Activating Naming Subsystem
2025-03-28 18:00:44,819 INFO  [org.jboss.as.webservices] (ServerService Thread Pool -- 76) WFLYWS0002: Activating WebServices Extension
2025-03-28 18:00:44,852 INFO  [org.wildfly.extension.undertow] (MSC service thread 1-3) WFLYUT0003: Undertow 2.3.18.Final starting
2025-03-28 18:00:44,865 INFO  [org.wildfly.extension.io] (ServerService Thread Pool -- 56) WFLYIO001: Worker 'default' has auto-configured to 64 IO threads with 512 max task threads based on your 32 available processors
2025-03-28 18:00:44,887 INFO  [org.jboss.as.connector.subsystems.datasources] (ServerService Thread Pool -- 44) WFLYJCA0004: Deploying JDBC-compliant driver class org.h2.Driver (version 2.2)
2025-03-28 18:00:44,892 INFO  [org.jboss.as.connector] (MSC service thread 1-8) WFLYJCA0009: Starting Jakarta Connectors Subsystem (WildFly/IronJacamar 3.0.10.Final)
2025-03-28 18:00:44,947 INFO  [org.jboss.as.connector.deployers.jdbc] (MSC service thread 1-6) WFLYJCA0018: Started Driver service with driver-name = h2
2025-03-28 18:00:44,958 INFO  [org.jboss.as.naming] (MSC service thread 1-5) WFLYNAM0003: Starting Naming Service
2025-03-28 18:00:44,963 INFO  [org.jboss.as.mail.extension] (MSC service thread 1-5) WFLYMAIL0001: Bound mail session [java:jboss/mail/Default]
2025-03-28 18:00:44,975 WARN  [org.wildfly.extension.elytron] (MSC service thread 1-7) WFLYELY00023: KeyStore file 'C:\Users\Kyuhi\Downloads\School\wildfly-35.0.1.Final\standalone\configuration\application.keystore' does not exist. Used blank.
2025-03-28 18:00:45,028 INFO  [org.jboss.remoting] (MSC service thread 1-8) JBoss Remoting version 5.0.30.Final
2025-03-28 18:00:45,051 WARN  [org.wildfly.extension.elytron] (MSC service thread 1-6) WFLYELY01084: KeyStore C:\Users\Kyuhi\Downloads\School\wildfly-35.0.1.Final\standalone\configuration\application.keystore not found, it will be auto-generated on first use with a self-signed certificate for host localhost
2025-03-28 18:00:45,089 INFO  [org.wildfly.extension.undertow] (ServerService Thread Pool -- 75) WFLYUT0014: Creating file handler for path 'C:\Users\Kyuhi\Downloads\School\wildfly-35.0.1.Final/welcome-content' with options [directory-listing: 'false', follow-symlink: 'false', case-sensitive: 'true', safe-symlink-paths: '[]']
2025-03-28 18:00:45,224 INFO  [org.jboss.as.ejb3] (MSC service thread 1-2) WFLYEJB0481: Strict pool slsb-strict-max-pool is using a max instance size of 128 (per class), which is derived from thread worker pool sizing.
2025-03-28 18:00:45,224 INFO  [org.jboss.as.ejb3] (MSC service thread 1-6) WFLYEJB0482: Strict pool mdb-strict-max-pool is using a max instance size of 128 (per class), which is derived from the number of CPUs on this host.
2025-03-28 18:00:45,232 INFO  [org.wildfly.extension.undertow] (MSC service thread 1-7) WFLYUT0012: Started server default-server.
2025-03-28 18:00:45,234 INFO  [org.wildfly.extension.undertow] (MSC service thread 1-7) Queuing requests.
2025-03-28 18:00:45,291 INFO  [org.wildfly.extension.undertow] (MSC service thread 1-7) WFLYUT0018: Host default-host starting
2025-03-28 18:00:45,376 INFO  [org.wildfly.extension.undertow] (MSC service thread 1-6) WFLYUT0006: Undertow HTTP listener default listening on 127.0.0.1:8080
